<?xml version="1.0" encoding="UTF-8"?>
<!-- Generated by org.testng.reporters.JUnitReportReporter -->
<testsuite hostname="MLLAB01" failures="0" tests="5" name="com.cse.devops.UserValidationTest" time="0.008" errors="0" timestamp="2023-10-05T11:55:19 IST" skipped="0">
  <testcase classname="com.cse.devops.UserValidationTest" name="testCase2" time="0.001"/>
  <testcase classname="com.cse.devops.UserValidationTest" name="testCase1" time="0.007"/>
  <testcase classname="com.cse.devops.UserValidationTest" name="testCase5" time="0.000"/>
  <testcase classname="com.cse.devops.UserValidationTest" name="testCase4" time="0.000"/>
  <testcase classname="com.cse.devops.UserValidationTest" name="testCase3" time="0.000"/>
</testsuite> <!-- com.cse.devops.UserValidationTest -->
